# Logfile created on 2014-01-14 21:12:55 -0500 by logger.rb/31641
I, [2014-01-14T21:12:55.316946 #443255]  INFO -- : 0:  rake (0.9.2.2) from /var/lib/stickshift/52cc76ece0b8cd84fd00042e/app-root/data/lib/ruby/gems/specifications/rake-0.9.2.2.gemspec
I, [2014-01-14T21:12:56.233230 #443255]  INFO -- : 0:  i18n (0.6.0) from /var/lib/stickshift/52cc76ece0b8cd84fd00042e/app-root/data/lib/ruby/gems/specifications/i18n-0.6.0.gemspec
I, [2014-01-14T21:12:56.738957 #443255]  INFO -- : 0:  multi_json (1.3.6) from /var/lib/stickshift/52cc76ece0b8cd84fd00042e/app-root/data/lib/ruby/gems/specifications/multi_json-1.3.6.gemspec
I, [2014-01-14T21:12:58.679842 #443255]  INFO -- : 0:  activesupport (3.2.8) from /var/lib/stickshift/52cc76ece0b8cd84fd00042e/app-root/data/lib/ruby/gems/specifications/activesupport-3.2.8.gemspec
I, [2014-01-14T21:12:59.888546 #443255]  INFO -- : 0:  builder (3.0.0) from /var/lib/stickshift/52cc76ece0b8cd84fd00042e/app-root/data/lib/ruby/gems/specifications/builder-3.0.0.gemspec
I, [2014-01-14T21:13:00.487298 #443255]  INFO -- : 0:  activemodel (3.2.8) from /var/lib/stickshift/52cc76ece0b8cd84fd00042e/app-root/data/lib/ruby/gems/specifications/activemodel-3.2.8.gemspec
I, [2014-01-14T21:13:00.490637 #443255]  INFO -- : 0:  erubis (2.7.0) from /usr/libexec/openshift/cartridges/c9-0.1/root/lib/ruby/gems/specifications/erubis-2.7.0.gemspec
I, [2014-01-14T21:13:01.097557 #443255]  INFO -- : 0:  journey (1.0.4) from /var/lib/stickshift/52cc76ece0b8cd84fd00042e/app-root/data/lib/ruby/gems/specifications/journey-1.0.4.gemspec
I, [2014-01-14T21:13:03.347004 #443255]  INFO -- : 0:  rack (1.4.1) from /var/lib/stickshift/52cc76ece0b8cd84fd00042e/app-root/data/lib/ruby/gems/specifications/rack-1.4.1.gemspec
I, [2014-01-14T21:13:04.106309 #443255]  INFO -- : 0:  rack-cache (1.2) from /var/lib/stickshift/52cc76ece0b8cd84fd00042e/app-root/data/lib/ruby/gems/specifications/rack-cache-1.2.gemspec
I, [2014-01-14T21:13:04.789838 #443255]  INFO -- : 0:  rack-test (0.6.1) from /var/lib/stickshift/52cc76ece0b8cd84fd00042e/app-root/data/lib/ruby/gems/specifications/rack-test-0.6.1.gemspec
I, [2014-01-14T21:13:05.294048 #443255]  INFO -- : 0:  hike (1.2.1) from /var/lib/stickshift/52cc76ece0b8cd84fd00042e/app-root/data/lib/ruby/gems/specifications/hike-1.2.1.gemspec
I, [2014-01-14T21:13:05.921944 #443255]  INFO -- : 0:  tilt (1.3.3) from /var/lib/stickshift/52cc76ece0b8cd84fd00042e/app-root/data/lib/ruby/gems/specifications/tilt-1.3.3.gemspec
I, [2014-01-14T21:13:06.739310 #443255]  INFO -- : 0:  sprockets (2.4.5) from /var/lib/stickshift/52cc76ece0b8cd84fd00042e/app-root/data/lib/ruby/gems/specifications/sprockets-2.4.5.gemspec
I, [2014-01-14T21:13:08.576127 #443255]  INFO -- : 0:  actionpack (3.2.8) from /var/lib/stickshift/52cc76ece0b8cd84fd00042e/app-root/data/lib/ruby/gems/specifications/actionpack-3.2.8.gemspec
I, [2014-01-14T21:13:09.368027 #443255]  INFO -- : 0:  mime-types (1.19) from /var/lib/stickshift/52cc76ece0b8cd84fd00042e/app-root/data/lib/ruby/gems/specifications/mime-types-1.19.gemspec
I, [2014-01-14T21:13:09.382393 #443255]  INFO -- : 0:  polyglot (0.3.3) from /usr/libexec/openshift/cartridges/c9-0.1/root/lib/ruby/gems/specifications/polyglot-0.3.3.gemspec
I, [2014-01-14T21:13:11.084343 #443255]  INFO -- : 0:  treetop (1.4.10) from /var/lib/stickshift/52cc76ece0b8cd84fd00042e/app-root/data/lib/ruby/gems/specifications/treetop-1.4.10.gemspec
I, [2014-01-14T21:13:12.333926 #443255]  INFO -- : 0:  mail (2.4.4) from /var/lib/stickshift/52cc76ece0b8cd84fd00042e/app-root/data/lib/ruby/gems/specifications/mail-2.4.4.gemspec
I, [2014-01-14T21:13:13.103380 #443255]  INFO -- : 0:  actionmailer (3.2.8) from /var/lib/stickshift/52cc76ece0b8cd84fd00042e/app-root/data/lib/ruby/gems/specifications/actionmailer-3.2.8.gemspec
I, [2014-01-14T21:13:14.822432 #443255]  INFO -- : 0:  arel (3.0.2) from /var/lib/stickshift/52cc76ece0b8cd84fd00042e/app-root/data/lib/ruby/gems/specifications/arel-3.0.2.gemspec
I, [2014-01-14T21:13:20.062116 #443255]  INFO -- : 0:  tzinfo (0.3.33) from /var/lib/stickshift/52cc76ece0b8cd84fd00042e/app-root/data/lib/ruby/gems/specifications/tzinfo-0.3.33.gemspec
I, [2014-01-14T21:13:21.816795 #443255]  INFO -- : 0:  activerecord (3.2.8) from /var/lib/stickshift/52cc76ece0b8cd84fd00042e/app-root/data/lib/ruby/gems/specifications/activerecord-3.2.8.gemspec
I, [2014-01-14T21:13:22.707618 #443255]  INFO -- : 0:  activeresource (3.2.8) from /var/lib/stickshift/52cc76ece0b8cd84fd00042e/app-root/data/lib/ruby/gems/specifications/activeresource-3.2.8.gemspec
I, [2014-01-14T21:13:44.292422 #443255]  INFO -- : 0:  bigdecimal (1.1.0) from /var/lib/stickshift/52cc76ece0b8cd84fd00042e/app-root/data/lib/ruby/gems/specifications/bigdecimal-1.1.0.gemspec
I, [2014-01-14T21:13:44.298817 #443255]  INFO -- : 0:  bootstrap-sass (2.1.1.0) from /var/lib/stickshift/52cc76ece0b8cd84fd00042e/app-root/data/lib/ruby/gems/specifications/bootstrap-sass-2.1.1.0.gemspec
I, [2014-01-14T21:13:44.780843 #443255]  INFO -- : 0:  coffee-script-source (1.3.3) from /var/lib/stickshift/52cc76ece0b8cd84fd00042e/app-root/data/lib/ruby/gems/specifications/coffee-script-source-1.3.3.gemspec
I, [2014-01-14T21:13:45.442927 #443255]  INFO -- : 0:  execjs (1.4.0) from /var/lib/stickshift/52cc76ece0b8cd84fd00042e/app-root/data/lib/ruby/gems/specifications/execjs-1.4.0.gemspec
I, [2014-01-14T21:13:45.443929 #443255]  INFO -- : 0:  coffee-script (2.2.0) from /usr/libexec/openshift/cartridges/c9-0.1/root/lib/ruby/gems/specifications/coffee-script-2.2.0.gemspec
I, [2014-01-14T21:13:45.986799 #443255]  INFO -- : 0:  rack-ssl (1.3.2) from /var/lib/stickshift/52cc76ece0b8cd84fd00042e/app-root/data/lib/ruby/gems/specifications/rack-ssl-1.3.2.gemspec
I, [2014-01-14T21:13:56.492642 #443255]  INFO -- : 0:  json (1.7.3) from /var/lib/stickshift/52cc76ece0b8cd84fd00042e/app-root/data/lib/ruby/gems/specifications/json-1.7.3.gemspec
I, [2014-01-14T21:13:58.741558 #443255]  INFO -- : 0:  rdoc (3.12) from /var/lib/stickshift/52cc76ece0b8cd84fd00042e/app-root/data/lib/ruby/gems/specifications/rdoc-3.12.gemspec
I, [2014-01-14T21:13:59.846051 #443255]  INFO -- : 0:  thor (0.15.4) from /var/lib/stickshift/52cc76ece0b8cd84fd00042e/app-root/data/lib/ruby/gems/specifications/thor-0.15.4.gemspec
I, [2014-01-14T21:14:07.327531 #443255]  INFO -- : 0:  railties (3.2.8) from /var/lib/stickshift/52cc76ece0b8cd84fd00042e/app-root/data/lib/ruby/gems/specifications/railties-3.2.8.gemspec
I, [2014-01-14T21:14:07.929889 #443255]  INFO -- : 0:  coffee-rails (3.2.2) from /var/lib/stickshift/52cc76ece0b8cd84fd00042e/app-root/data/lib/ruby/gems/specifications/coffee-rails-3.2.2.gemspec
I, [2014-01-14T21:14:07.934514 #443255]  INFO -- : 0:  haml (4.0.3) from /var/lib/stickshift/52cc76ece0b8cd84fd00042e/app-root/data/lib/ruby/gems/specifications/haml-4.0.3.gemspec
I, [2014-01-14T21:14:07.937468 #443255]  INFO -- : 0:  haml-rails (0.4) from /var/lib/stickshift/52cc76ece0b8cd84fd00042e/app-root/data/lib/ruby/gems/specifications/haml-rails-0.4.gemspec
I, [2014-01-14T21:14:08.793189 #443255]  INFO -- : 0:  jquery-rails (2.0.2) from /var/lib/stickshift/52cc76ece0b8cd84fd00042e/app-root/data/lib/ruby/gems/specifications/jquery-rails-2.0.2.gemspec
I, [2014-01-14T21:14:08.801195 #443255]  INFO -- : 0:  mysql2 (0.3.13) from /var/lib/stickshift/52cc76ece0b8cd84fd00042e/app-root/data/lib/ruby/gems/specifications/mysql2-0.3.13.gemspec
I, [2014-01-14T21:14:08.806039 #443255]  INFO -- : 0:  bundler (1.5.1) from /usr/libexec/openshift/cartridges/c9-0.1/root/lib/ruby/gems/specifications/bundler-1.5.1.gemspec
I, [2014-01-14T21:14:09.386202 #443255]  INFO -- : 0:  rails (3.2.8) from /var/lib/stickshift/52cc76ece0b8cd84fd00042e/app-root/data/lib/ruby/gems/specifications/rails-3.2.8.gemspec
I, [2014-01-14T21:14:12.405173 #443255]  INFO -- : 0:  sass (3.1.20) from /var/lib/stickshift/52cc76ece0b8cd84fd00042e/app-root/data/lib/ruby/gems/specifications/sass-3.1.20.gemspec
I, [2014-01-14T21:14:14.893244 #443255]  INFO -- : 0:  sass-rails (3.2.5) from /var/lib/stickshift/52cc76ece0b8cd84fd00042e/app-root/data/lib/ruby/gems/specifications/sass-rails-3.2.5.gemspec
I, [2014-01-14T21:14:14.897774 #443255]  INFO -- : 0:  seed_dump (0.5.3) from /var/lib/stickshift/52cc76ece0b8cd84fd00042e/app-root/data/lib/ruby/gems/specifications/seed_dump-0.5.3.gemspec
I, [2014-01-14T21:14:15.566303 #443255]  INFO -- : 0:  uglifier (1.2.6) from /var/lib/stickshift/52cc76ece0b8cd84fd00042e/app-root/data/lib/ruby/gems/specifications/uglifier-1.2.6.gemspec
